# JRE version: Java(TM) SE Runtime Environment (8.0_101-b13) (build 1.8.0_101-b13)
# Java VM: Java HotSpot(TM) 64-Bit Server VM (25.101-b13 mixed mode linux-amd64 compressed oops)
Heap:
 PSYoungGen      total 507392K, used 0K [0x00000000d5580000, 0x00000000fee00000, 0x0000000100000000)
  eden space 356864K, 0% used [0x00000000d5580000,0x00000000d5580000,0x00000000eb200000)
  from space 150528K, 0% used [0x00000000f5b00000,0x00000000f5b00000,0x00000000fee00000)
  to   space 161792K, 0% used [0x00000000eb200000,0x00000000eb200000,0x00000000f5000000)
 ParOldGen       total 942080K, used 895966K [0x0000000080000000, 0x00000000b9800000, 0x00000000d5580000)
  object space 942080K, 95% used [0x0000000080000000,0x00000000b6af7a08,0x00000000b9800000)
 Metaspace       used 61204K, capacity 62216K, committed 62464K, reserved 1103872K
  class space    used 7604K, capacity 7922K, committed 7936K, reserved 1048576K
GC Heap History (10 events):
Event: 153.481 GC heap after
Heap after GC invocations=49 (full 10):
 PSYoungGen      total 511488K, used 50879K [0x00000000d5580000, 0x0000000100000000, 0x0000000100000000)
  eden space 324096K, 0% used [0x00000000d5580000,0x00000000d5580000,0x00000000e9200000)
  from space 187392K, 27% used [0x00000000e9200000,0x00000000ec3afff8,0x00000000f4900000)
  to   space 181248K, 0% used [0x00000000f4f00000,0x00000000f4f00000,0x0000000100000000)
 ParOldGen       total 882688K, used 803705K [0x0000000080000000, 0x00000000b5e00000, 0x00000000d5580000)
  object space 882688K, 91% used [0x0000000080000000,0x00000000b10de610,0x00000000b5e00000)
 Metaspace       used 61146K, capacity 62216K, committed 62464K, reserved 1103872K
  class space    used 7602K, capacity 7922K, committed 7936K, reserved 1048576K
}
Event: 153.481 GC heap before
{Heap before GC invocations=50 (full 11):
 PSYoungGen      total 511488K, used 50879K [0x00000000d5580000, 0x0000000100000000, 0x0000000100000000)
  eden space 324096K, 0% used [0x00000000d5580000,0x00000000d5580000,0x00000000e9200000)
  from space 187392K, 27% used [0x00000000e9200000,0x00000000ec3afff8,0x00000000f4900000)
  to   space 181248K, 0% used [0x00000000f4f00000,0x00000000f4f00000,0x0000000100000000)
 ParOldGen       total 882688K, used 803705K [0x0000000080000000, 0x00000000b5e00000, 0x00000000d5580000)
  object space 882688K, 91% used [0x0000000080000000,0x00000000b10de610,0x00000000b5e00000)
 Metaspace       used 61146K, capacity 62216K, committed 62464K, reserved 1103872K
  class space    used 7602K, capacity 7922K, committed 7936K, reserved 1048576K
Event: 156.442 GC heap after
Heap after GC invocations=50 (full 11):
 PSYoungGen      total 511488K, used 0K [0x00000000d5580000, 0x0000000100000000, 0x0000000100000000)
  eden space 324096K, 0% used [0x00000000d5580000,0x00000000d5580000,0x00000000e9200000)
  from space 187392K, 0% used [0x00000000e9200000,0x00000000e9200000,0x00000000f4900000)
  to   space 181248K, 0% used [0x00000000f4f00000,0x00000000f4f00000,0x0000000100000000)
 ParOldGen       total 942080K, used 765396K [0x0000000080000000, 0x00000000b9800000, 0x00000000d5580000)
  object space 942080K, 81% used [0x0000000080000000,0x00000000aeb753e0,0x00000000b9800000)
 Metaspace       used 61146K, capacity 62216K, committed 62464K, reserved 1103872K
  class space    used 7602K, capacity 7922K, committed 7936K, reserved 1048576K
}
Event: 159.276 GC heap before
{Heap before GC invocations=51 (full 11):
 PSYoungGen      total 511488K, used 324096K [0x00000000d5580000, 0x0000000100000000, 0x0000000100000000)
  eden space 324096K, 100% used [0x00000000d5580000,0x00000000e9200000,0x00000000e9200000)
  from space 187392K, 0% used [0x00000000e9200000,0x00000000e9200000,0x00000000f4900000)
  to   space 181248K, 0% used [0x00000000f4f00000,0x00000000f4f00000,0x0000000100000000)
 ParOldGen       total 942080K, used 765396K [0x0000000080000000, 0x00000000b9800000, 0x00000000d5580000)
  object space 942080K, 81% used [0x0000000080000000,0x00000000aeb753e0,0x00000000b9800000)
 Metaspace       used 61148K, capacity 62216K, committed 62464K, reserved 1103872K
  class space    used 7602K, capacity 7922K, committed 7936K, reserved 1048576K
Event: 159.388 GC heap after
Heap after GC invocations=51 (full 11):
 PSYoungGen      total 492032K, used 49348K [0x00000000d5580000, 0x00000000fed00000, 0x0000000100000000)
  eden space 330240K, 0% used [0x00000000d5580000,0x00000000d5580000,0x00000000e9800000)
  from space 161792K, 30% used [0x00000000f4f00000,0x00000000f7f31070,0x00000000fed00000)
  to   space 174592K, 0% used [0x00000000e9800000,0x00000000e9800000,0x00000000f4280000)
 ParOldGen       total 942080K, used 765396K [0x0000000080000000, 0x00000000b9800000, 0x00000000d5580000)
  object space 942080K, 81% used [0x0000000080000000,0x00000000aeb753e0,0x00000000b9800000)
 Metaspace       used 61148K, capacity 62216K, committed 62464K, reserved 1103872K
  class space    used 7602K, capacity 7922K, committed 7936K, reserved 1048576K
}
Event: 161.142 GC heap before
{Heap before GC invocations=52 (full 11):
 PSYoungGen      total 492032K, used 379588K [0x00000000d5580000, 0x00000000fed00000, 0x0000000100000000)
  eden space 330240K, 100% used [0x00000000d5580000,0x00000000e9800000,0x00000000e9800000)
  from space 161792K, 30% used [0x00000000f4f00000,0x00000000f7f31070,0x00000000fed00000)
  to   space 174592K, 0% used [0x00000000e9800000,0x00000000e9800000,0x00000000f4280000)
 ParOldGen       total 942080K, used 765396K [0x0000000080000000, 0x00000000b9800000, 0x00000000d5580000)
  object space 942080K, 81% used [0x0000000080000000,0x00000000aeb753e0,0x00000000b9800000)
 Metaspace       used 61185K, capacity 62216K, committed 62464K, reserved 1103872K
  class space    used 7603K, capacity 7922K, committed 7936K, reserved 1048576K
Event: 162.883 GC heap after
Heap after GC invocations=52 (full 11):
 PSYoungGen      total 504832K, used 56031K [0x00000000d5580000, 0x00000000ffe80000, 0x0000000100000000)
  eden space 330240K, 0% used [0x00000000d5580000,0x00000000d5580000,0x00000000e9800000)
  from space 174592K, 32% used [0x00000000e9800000,0x00000000eceb7d00,0x00000000f4280000)
  to   space 167424K, 0% used [0x00000000f5b00000,0x00000000f5b00000,0x00000000ffe80000)
 ParOldGen       total 942080K, used 812213K [0x0000000080000000, 0x00000000b9800000, 0x00000000d5580000)
  object space 942080K, 86% used [0x0000000080000000,0x00000000b192d698,0x00000000b9800000)
 Metaspace       used 61185K, capacity 62216K, committed 62464K, reserved 1103872K
  class space    used 7603K, capacity 7922K, committed 7936K, reserved 1048576K
}
Event: 164.993 GC heap before
{Heap before GC invocations=53 (full 11):
 PSYoungGen      total 504832K, used 386271K [0x00000000d5580000, 0x00000000ffe80000, 0x0000000100000000)
  eden space 330240K, 100% used [0x00000000d5580000,0x00000000e9800000,0x00000000e9800000)
  from space 174592K, 32% used [0x00000000e9800000,0x00000000eceb7d00,0x00000000f4280000)
  to   space 167424K, 0% used [0x00000000f5b00000,0x00000000f5b00000,0x00000000ffe80000)
 ParOldGen       total 942080K, used 812213K [0x0000000080000000, 0x00000000b9800000, 0x00000000d5580000)
  object space 942080K, 86% used [0x0000000080000000,0x00000000b192d698,0x00000000b9800000)
 Metaspace       used 61204K, capacity 62216K, committed 62464K, reserved 1103872K
  class space    used 7604K, capacity 7922K, committed 7936K, reserved 1048576K
Event: 166.970 GC heap after
Heap after GC invocations=53 (full 11):
 PSYoungGen      total 507392K, used 45898K [0x00000000d5580000, 0x00000000fee00000, 0x0000000100000000)
  eden space 356864K, 0% used [0x00000000d5580000,0x00000000d5580000,0x00000000eb200000)
  from space 150528K, 30% used [0x00000000f5b00000,0x00000000f87d2bf0,0x00000000fee00000)
  to   space 161792K, 0% used [0x00000000eb200000,0x00000000eb200000,0x00000000f5000000)
 ParOldGen       total 942080K, used 865495K [0x0000000080000000, 0x00000000b9800000, 0x00000000d5580000)
  object space 942080K, 91% used [0x0000000080000000,0x00000000b4d35de0,0x00000000b9800000)
 Metaspace       used 61204K, capacity 62216K, committed 62464K, reserved 1103872K
  class space    used 7604K, capacity 7922K, committed 7936K, reserved 1048576K
}
Event: 166.970 GC heap before
{Heap before GC invocations=54 (full 12):
 PSYoungGen      total 507392K, used 45898K [0x00000000d5580000, 0x00000000fee00000, 0x0000000100000000)
  eden space 356864K, 0% used [0x00000000d5580000,0x00000000d5580000,0x00000000eb200000)
  from space 150528K, 30% used [0x00000000f5b00000,0x00000000f87d2bf0,0x00000000fee00000)
  to   space 161792K, 0% used [0x00000000eb200000,0x00000000eb200000,0x00000000f5000000)
 ParOldGen       total 942080K, used 865495K [0x0000000080000000, 0x00000000b9800000, 0x00000000d5580000)
  object space 942080K, 91% used [0x0000000080000000,0x00000000b4d35de0,0x00000000b9800000)
 Metaspace       used 61204K, capacity 62216K, committed 62464K, reserved 1103872K
  class space    used 7604K, capacity 7922K, committed 7936K, reserved 1048576K

