# JRE version: Java(TM) SE Runtime Environment (8.0_101-b13) (build 1.8.0_101-b13)
# Java VM: Java HotSpot(TM) 64-Bit Server VM (25.101-b13 mixed mode linux-amd64 compressed oops)
Heap:
 PSYoungGen      total 413184K, used 0K [0x00000000d5580000, 0x00000000ff100000, 0x0000000100000000)
  eden space 353792K, 0% used [0x00000000d5580000,0x00000000d5580000,0x00000000eaf00000)
  from space 59392K, 0% used [0x00000000eaf00000,0x00000000eaf00000,0x00000000ee900000)
  to   space 164352K, 0% used [0x00000000f5080000,0x00000000f5080000,0x00000000ff100000)
 ParOldGen       total 849920K, used 722033K [0x0000000080000000, 0x00000000b3e00000, 0x00000000d5580000)
  object space 849920K, 84% used [0x0000000080000000,0x00000000ac11c450,0x00000000b3e00000)
 Metaspace       used 6591K, capacity 7320K, committed 7680K, reserved 1056768K
  class space    used 618K, capacity 656K, committed 768K, reserved 1048576K
GC Heap History (10 events):
Event: 87.087 GC heap after
Heap after GC invocations=28 (full 6):
 PSYoungGen      total 497664K, used 76150K [0x00000000d5580000, 0x0000000100000000, 0x0000000100000000)
  eden space 379392K, 0% used [0x00000000d5580000,0x00000000d5580000,0x00000000ec800000)
  from space 118272K, 64% used [0x00000000f8c80000,0x00000000fd6ddb90,0x0000000100000000)
  to   space 159744K, 0% used [0x00000000ec800000,0x00000000ec800000,0x00000000f6400000)
 ParOldGen       total 644096K, used 643812K [0x0000000080000000, 0x00000000a7500000, 0x00000000d5580000)
  object space 644096K, 99% used [0x0000000080000000,0x00000000a74b9118,0x00000000a7500000)
 Metaspace       used 6591K, capacity 7320K, committed 7680K, reserved 1056768K
  class space    used 618K, capacity 656K, committed 768K, reserved 1048576K
}
Event: 87.087 GC heap before
{Heap before GC invocations=29 (full 7):
 PSYoungGen      total 497664K, used 76150K [0x00000000d5580000, 0x0000000100000000, 0x0000000100000000)
  eden space 379392K, 0% used [0x00000000d5580000,0x00000000d5580000,0x00000000ec800000)
  from space 118272K, 64% used [0x00000000f8c80000,0x00000000fd6ddb90,0x0000000100000000)
  to   space 159744K, 0% used [0x00000000ec800000,0x00000000ec800000,0x00000000f6400000)
 ParOldGen       total 644096K, used 643812K [0x0000000080000000, 0x00000000a7500000, 0x00000000d5580000)
  object space 644096K, 99% used [0x0000000080000000,0x00000000a74b9118,0x00000000a7500000)
 Metaspace       used 6591K, capacity 7320K, committed 7680K, reserved 1056768K
  class space    used 618K, capacity 656K, committed 768K, reserved 1048576K
Event: 90.030 GC heap after
Heap after GC invocations=29 (full 7):
 PSYoungGen      total 497664K, used 12052K [0x00000000d5580000, 0x0000000100000000, 0x0000000100000000)
  eden space 379392K, 0% used [0x00000000d5580000,0x00000000d5580000,0x00000000ec800000)
  from space 118272K, 10% used [0x00000000f8c80000,0x00000000f98450e0,0x0000000100000000)
  to   space 159744K, 0% used [0x00000000ec800000,0x00000000ec800000,0x00000000f6400000)
 ParOldGen       total 849920K, used 643915K [0x0000000080000000, 0x00000000b3e00000, 0x00000000d5580000)
  object space 849920K, 75% used [0x0000000080000000,0x00000000a74d2e00,0x00000000b3e00000)
 Metaspace       used 6591K, capacity 7320K, committed 7680K, reserved 1056768K
  class space    used 618K, capacity 656K, committed 768K, reserved 1048576K
}
Event: 90.941 GC heap before
{Heap before GC invocations=30 (full 7):
 PSYoungGen      total 497664K, used 391444K [0x00000000d5580000, 0x0000000100000000, 0x0000000100000000)
  eden space 379392K, 100% used [0x00000000d5580000,0x00000000ec800000,0x00000000ec800000)
  from space 118272K, 10% used [0x00000000f8c80000,0x00000000f98450e0,0x0000000100000000)
  to   space 159744K, 0% used [0x00000000ec800000,0x00000000ec800000,0x00000000f6400000)
 ParOldGen       total 849920K, used 643915K [0x0000000080000000, 0x00000000b3e00000, 0x00000000d5580000)
  object space 849920K, 75% used [0x0000000080000000,0x00000000a74d2e00,0x00000000b3e00000)
 Metaspace       used 6591K, capacity 7320K, committed 7680K, reserved 1056768K
  class space    used 618K, capacity 656K, committed 768K, reserved 1048576K
Event: 91.382 GC heap after
Heap after GC invocations=30 (full 7):
 PSYoungGen      total 527360K, used 147951K [0x00000000d5580000, 0x0000000100000000, 0x0000000100000000)
  eden space 379392K, 0% used [0x00000000d5580000,0x00000000d5580000,0x00000000ec800000)
  from space 147968K, 99% used [0x00000000ec800000,0x00000000f587bc28,0x00000000f5880000)
  to   space 171520K, 0% used [0x00000000f5880000,0x00000000f5880000,0x0000000100000000)
 ParOldGen       total 849920K, used 656627K [0x0000000080000000, 0x00000000b3e00000, 0x00000000d5580000)
  object space 849920K, 77% used [0x0000000080000000,0x00000000a813ce00,0x00000000b3e00000)
 Metaspace       used 6591K, capacity 7320K, committed 7680K, reserved 1056768K
  class space    used 618K, capacity 656K, committed 768K, reserved 1048576K
}
Event: 92.609 GC heap before
{Heap before GC invocations=31 (full 7):
 PSYoungGen      total 527360K, used 527343K [0x00000000d5580000, 0x0000000100000000, 0x0000000100000000)
  eden space 379392K, 100% used [0x00000000d5580000,0x00000000ec800000,0x00000000ec800000)
  from space 147968K, 99% used [0x00000000ec800000,0x00000000f587bc28,0x00000000f5880000)
  to   space 171520K, 0% used [0x00000000f5880000,0x00000000f5880000,0x0000000100000000)
 ParOldGen       total 849920K, used 656627K [0x0000000080000000, 0x00000000b3e00000, 0x00000000d5580000)
  object space 849920K, 77% used [0x0000000080000000,0x00000000a813ce00,0x00000000b3e00000)
 Metaspace       used 6591K, capacity 7320K, committed 7680K, reserved 1056768K
  class space    used 618K, capacity 656K, committed 768K, reserved 1048576K
Event: 94.009 GC heap after
Heap after GC invocations=31 (full 7):
 PSYoungGen      total 525312K, used 74961K [0x00000000d5580000, 0x0000000100000000, 0x0000000100000000)
  eden space 353792K, 0% used [0x00000000d5580000,0x00000000d5580000,0x00000000eaf00000)
  from space 171520K, 43% used [0x00000000f5880000,0x00000000fa1b4740,0x0000000100000000)
  to   space 172544K, 0% used [0x00000000eaf00000,0x00000000eaf00000,0x00000000f5780000)
 ParOldGen       total 849920K, used 728541K [0x0000000080000000, 0x00000000b3e00000, 0x00000000d5580000)
  object space 849920K, 85% used [0x0000000080000000,0x00000000ac777528,0x00000000b3e00000)
 Metaspace       used 6591K, capacity 7320K, committed 7680K, reserved 1056768K
  class space    used 618K, capacity 656K, committed 768K, reserved 1048576K
}
Event: 98.886 GC heap before
{Heap before GC invocations=32 (full 7):
 PSYoungGen      total 525312K, used 428753K [0x00000000d5580000, 0x0000000100000000, 0x0000000100000000)
  eden space 353792K, 100% used [0x00000000d5580000,0x00000000eaf00000,0x00000000eaf00000)
  from space 171520K, 43% used [0x00000000f5880000,0x00000000fa1b4740,0x0000000100000000)
  to   space 172544K, 0% used [0x00000000eaf00000,0x00000000eaf00000,0x00000000f5780000)
 ParOldGen       total 849920K, used 728541K [0x0000000080000000, 0x00000000b3e00000, 0x00000000d5580000)
  object space 849920K, 85% used [0x0000000080000000,0x00000000ac777528,0x00000000b3e00000)
 Metaspace       used 6591K, capacity 7320K, committed 7680K, reserved 1056768K
  class space    used 618K, capacity 656K, committed 768K, reserved 1048576K
Event: 99.994 GC heap after
Heap after GC invocations=32 (full 7):
 PSYoungGen      total 413184K, used 58974K [0x00000000d5580000, 0x00000000ff100000, 0x0000000100000000)
  eden space 353792K, 0% used [0x00000000d5580000,0x00000000d5580000,0x00000000eaf00000)
  from space 59392K, 99% used [0x00000000eaf00000,0x00000000ee8978c8,0x00000000ee900000)
  to   space 164352K, 0% used [0x00000000f5080000,0x00000000f5080000,0x00000000ff100000)
 ParOldGen       total 849920K, used 759093K [0x0000000080000000, 0x00000000b3e00000, 0x00000000d5580000)
  object space 849920K, 89% used [0x0000000080000000,0x00000000ae54d4d0,0x00000000b3e00000)
 Metaspace       used 6591K, capacity 7320K, committed 7680K, reserved 1056768K
  class space    used 618K, capacity 656K, committed 768K, reserved 1048576K
}
Event: 99.994 GC heap before
{Heap before GC invocations=33 (full 8):
 PSYoungGen      total 413184K, used 58974K [0x00000000d5580000, 0x00000000ff100000, 0x0000000100000000)
  eden space 353792K, 0% used [0x00000000d5580000,0x00000000d5580000,0x00000000eaf00000)
  from space 59392K, 99% used [0x00000000eaf00000,0x00000000ee8978c8,0x00000000ee900000)
  to   space 164352K, 0% used [0x00000000f5080000,0x00000000f5080000,0x00000000ff100000)
 ParOldGen       total 849920K, used 759093K [0x0000000080000000, 0x00000000b3e00000, 0x00000000d5580000)
  object space 849920K, 89% used [0x0000000080000000,0x00000000ae54d4d0,0x00000000b3e00000)
 Metaspace       used 6591K, capacity 7320K, committed 7680K, reserved 1056768K
  class space    used 618K, capacity 656K, committed 768K, reserved 1048576K

