# JRE version: Java(TM) SE Runtime Environment (8.0_101-b13) (build 1.8.0_101-b13)
# Java VM: Java HotSpot(TM) 64-Bit Server VM (25.101-b13 mixed mode linux-amd64 compressed oops)
Heap:
 PSYoungGen      total 311296K, used 34133K [0x00000000eab00000, 0x0000000100000000, 0x0000000100000000)
  eden space 274944K, 0% used [0x00000000eab00000,0x00000000eab00000,0x00000000fb780000)
  from space 36352K, 93% used [0x00000000fb780000,0x00000000fd8d55b0,0x00000000fdb00000)
  to   space 37888K, 0% used [0x00000000fdb00000,0x00000000fdb00000,0x0000000100000000)
 ParOldGen       total 118784K, used 118474K [0x00000000c0000000, 0x00000000c7400000, 0x00000000eab00000)
  object space 118784K, 99% used [0x00000000c0000000,0x00000000c73b2bd8,0x00000000c7400000)
 Metaspace       used 6566K, capacity 7320K, committed 7680K, reserved 1056768K
  class space    used 615K, capacity 656K, committed 768K, reserved 1048576K
GC Heap History (10 events):
Event: 20.278 GC heap after
Heap after GC invocations=14 (full 2):
 PSYoungGen      total 204288K, used 12230K [0x00000000eab00000, 0x00000000f9080000, 0x0000000100000000)
  eden space 183808K, 0% used [0x00000000eab00000,0x00000000eab00000,0x00000000f5e80000)
  from space 20480K, 59% used [0x00000000f7480000,0x00000000f80719b8,0x00000000f8880000)
  to   space 22528K, 0% used [0x00000000f5e80000,0x00000000f5e80000,0x00000000f7480000)
 ParOldGen       total 77824K, used 49356K [0x00000000c0000000, 0x00000000c4c00000, 0x00000000eab00000)
  object space 77824K, 63% used [0x00000000c0000000,0x00000000c30332c0,0x00000000c4c00000)
 Metaspace       used 6410K, capacity 7192K, committed 7424K, reserved 1056768K
  class space    used 615K, capacity 656K, committed 768K, reserved 1048576K
}
Event: 23.105 GC heap before
{Heap before GC invocations=15 (full 2):
 PSYoungGen      total 204288K, used 196038K [0x00000000eab00000, 0x00000000f9080000, 0x0000000100000000)
  eden space 183808K, 100% used [0x00000000eab00000,0x00000000f5e80000,0x00000000f5e80000)
  from space 20480K, 59% used [0x00000000f7480000,0x00000000f80719b8,0x00000000f8880000)
  to   space 22528K, 0% used [0x00000000f5e80000,0x00000000f5e80000,0x00000000f7480000)
 ParOldGen       total 77824K, used 49356K [0x00000000c0000000, 0x00000000c4c00000, 0x00000000eab00000)
  object space 77824K, 63% used [0x00000000c0000000,0x00000000c30332c0,0x00000000c4c00000)
 Metaspace       used 6451K, capacity 7256K, committed 7424K, reserved 1056768K
  class space    used 615K, capacity 656K, committed 768K, reserved 1048576K
Event: 25.024 GC heap after
Heap after GC invocations=15 (full 2):
 PSYoungGen      total 206336K, used 22523K [0x00000000eab00000, 0x00000000ffa80000, 0x0000000100000000)
  eden space 183808K, 0% used [0x00000000eab00000,0x00000000eab00000,0x00000000f5e80000)
  from space 22528K, 99% used [0x00000000f5e80000,0x00000000f747ed48,0x00000000f7480000)
  to   space 32256K, 0% used [0x00000000fdb00000,0x00000000fdb00000,0x00000000ffa80000)
 ParOldGen       total 77824K, used 64087K [0x00000000c0000000, 0x00000000c4c00000, 0x00000000eab00000)
  object space 77824K, 82% used [0x00000000c0000000,0x00000000c3e95e70,0x00000000c4c00000)
 Metaspace       used 6451K, capacity 7256K, committed 7424K, reserved 1056768K
  class space    used 615K, capacity 656K, committed 768K, reserved 1048576K
}
Event: 25.024 GC heap before
{Heap before GC invocations=16 (full 3):
 PSYoungGen      total 206336K, used 22523K [0x00000000eab00000, 0x00000000ffa80000, 0x0000000100000000)
  eden space 183808K, 0% used [0x00000000eab00000,0x00000000eab00000,0x00000000f5e80000)
  from space 22528K, 99% used [0x00000000f5e80000,0x00000000f747ed48,0x00000000f7480000)
  to   space 32256K, 0% used [0x00000000fdb00000,0x00000000fdb00000,0x00000000ffa80000)
 ParOldGen       total 77824K, used 64087K [0x00000000c0000000, 0x00000000c4c00000, 0x00000000eab00000)
  object space 77824K, 82% used [0x00000000c0000000,0x00000000c3e95e70,0x00000000c4c00000)
 Metaspace       used 6451K, capacity 7256K, committed 7424K, reserved 1056768K
  class space    used 615K, capacity 656K, committed 768K, reserved 1048576K
Event: 25.449 GC heap after
Heap after GC invocations=16 (full 3):
 PSYoungGen      total 206336K, used 8149K [0x00000000eab00000, 0x00000000ffa80000, 0x0000000100000000)
  eden space 183808K, 0% used [0x00000000eab00000,0x00000000eab00000,0x00000000f5e80000)
  from space 22528K, 36% used [0x00000000f5e80000,0x00000000f66757f0,0x00000000f7480000)
  to   space 32256K, 0% used [0x00000000fdb00000,0x00000000fdb00000,0x00000000ffa80000)
 ParOldGen       total 111104K, used 77462K [0x00000000c0000000, 0x00000000c6c80000, 0x00000000eab00000)
  object space 111104K, 69% used [0x00000000c0000000,0x00000000c4ba58d8,0x00000000c6c80000)
 Metaspace       used 6451K, capacity 7256K, committed 7424K, reserved 1056768K
  class space    used 615K, capacity 656K, committed 768K, reserved 1048576K
}
Event: 27.045 GC heap before
{Heap before GC invocations=17 (full 3):
 PSYoungGen      total 206336K, used 191957K [0x00000000eab00000, 0x00000000ffa80000, 0x0000000100000000)
  eden space 183808K, 100% used [0x00000000eab00000,0x00000000f5e80000,0x00000000f5e80000)
  from space 22528K, 36% used [0x00000000f5e80000,0x00000000f66757f0,0x00000000f7480000)
  to   space 32256K, 0% used [0x00000000fdb00000,0x00000000fdb00000,0x00000000ffa80000)
 ParOldGen       total 111104K, used 77462K [0x00000000c0000000, 0x00000000c6c80000, 0x00000000eab00000)
  object space 111104K, 69% used [0x00000000c0000000,0x00000000c4ba58d8,0x00000000c6c80000)
 Metaspace       used 6517K, capacity 7256K, committed 7424K, reserved 1056768K
  class space    used 615K, capacity 656K, committed 768K, reserved 1048576K
Event: 28.090 GC heap after
Heap after GC invocations=17 (full 3):
 PSYoungGen      total 307200K, used 27202K [0x00000000eab00000, 0x00000000fff80000, 0x0000000100000000)
  eden space 274944K, 0% used [0x00000000eab00000,0x00000000eab00000,0x00000000fb780000)
  from space 32256K, 84% used [0x00000000fdb00000,0x00000000ff590b58,0x00000000ffa80000)
  to   space 36352K, 0% used [0x00000000fb780000,0x00000000fb780000,0x00000000fdb00000)
 ParOldGen       total 111104K, used 85568K [0x00000000c0000000, 0x00000000c6c80000, 0x00000000eab00000)
  object space 111104K, 77% used [0x00000000c0000000,0x00000000c5390158,0x00000000c6c80000)
 Metaspace       used 6517K, capacity 7256K, committed 7424K, reserved 1056768K
  class space    used 615K, capacity 656K, committed 768K, reserved 1048576K
}
Event: 43.100 GC heap before
{Heap before GC invocations=18 (full 3):
 PSYoungGen      total 307200K, used 302146K [0x00000000eab00000, 0x00000000fff80000, 0x0000000100000000)
  eden space 274944K, 100% used [0x00000000eab00000,0x00000000fb780000,0x00000000fb780000)
  from space 32256K, 84% used [0x00000000fdb00000,0x00000000ff590b58,0x00000000ffa80000)
  to   space 36352K, 0% used [0x00000000fb780000,0x00000000fb780000,0x00000000fdb00000)
 ParOldGen       total 111104K, used 85568K [0x00000000c0000000, 0x00000000c6c80000, 0x00000000eab00000)
  object space 111104K, 77% used [0x00000000c0000000,0x00000000c5390158,0x00000000c6c80000)
 Metaspace       used 6566K, capacity 7320K, committed 7680K, reserved 1056768K
  class space    used 615K, capacity 656K, committed 768K, reserved 1048576K
Event: 51.209 GC heap after
Heap after GC invocations=18 (full 3):
 PSYoungGen      total 311296K, used 36334K [0x00000000eab00000, 0x0000000100000000, 0x0000000100000000)
  eden space 274944K, 0% used [0x00000000eab00000,0x00000000eab00000,0x00000000fb780000)
  from space 36352K, 99% used [0x00000000fb780000,0x00000000fdafb8e8,0x00000000fdb00000)
  to   space 37888K, 0% used [0x00000000fdb00000,0x00000000fdb00000,0x0000000100000000)
 ParOldGen       total 118784K, used 118571K [0x00000000c0000000, 0x00000000c7400000, 0x00000000eab00000)
  object space 118784K, 99% used [0x00000000c0000000,0x00000000c73caf78,0x00000000c7400000)
 Metaspace       used 6566K, capacity 7320K, committed 7680K, reserved 1056768K
  class space    used 615K, capacity 656K, committed 768K, reserved 1048576K
}
Event: 51.754 GC heap before
{Heap before GC invocations=19 (full 4):
 PSYoungGen      total 311296K, used 36334K [0x00000000eab00000, 0x0000000100000000, 0x0000000100000000)
  eden space 274944K, 0% used [0x00000000eab00000,0x00000000eab00000,0x00000000fb780000)
  from space 36352K, 99% used [0x00000000fb780000,0x00000000fdafb8e8,0x00000000fdb00000)
  to   space 37888K, 0% used [0x00000000fdb00000,0x00000000fdb00000,0x0000000100000000)
 ParOldGen       total 118784K, used 118571K [0x00000000c0000000, 0x00000000c7400000, 0x00000000eab00000)
  object space 118784K, 99% used [0x00000000c0000000,0x00000000c73caf78,0x00000000c7400000)
 Metaspace       used 6566K, capacity 7320K, committed 7680K, reserved 1056768K
  class space    used 615K, capacity 656K, committed 768K, reserved 1048576K

